<?xml version="1.0" encoding="UTF-8"?>
<!-- Generated by org.testng.reporters.JUnitXMLReporter -->
<testsuite ignored="0" hostname="SUSHANTs-MacBook-Pro.local" failures="0" tests="3" name="Test2" time="98.444" errors="0" timestamp="2024-05-21T10:05:26 IST">
  <testcase classname="ecomerceApplication.amezon" name="az" time="6.498"/>
  <testcase classname="ecomerceApplication.mintra" name="mt" time="17.948"/>
  <testcase classname="ecomerceApplication.Agio" name="aj" time="98.433"/>
</testsuite> <!-- Test2 -->
